import delimited "G:\Kuangyu_Temp\Outsource\productivity\firm_buy.csv" , clear
ds
购方企业id      项目代码        金额合计        数量合计

use "F:\SupplyChain\Data\firmdata\Identifier\cid_entid_unique" , clear
describe
Contains data from F:\SupplyChain\Data\firmdata\Identifier\cid_entid_unique.dta
 Observations:    13,384,318                  
    Variables:            11                  6 Jun 2023 00:32
----------------------------------------------------------------------------------------
Variable      Storage   Display    Value
    name         type    format    label      Variable label
----------------------------------------------------------------------------------------
cid             long    %12.0g                
soe             float   %8.0g                 
ratio_1         float   %9.0g                 
ratio_2         float   %9.0g                 
ratio_3         float   %9.0g                 
id              long    %12.0g                ID
company_name    strL    %9s                   COMPANY_NAME
reg_number      str72   %72s                  REG_NUMBER
org_number      str19   %19s                  ORG_NUMBER
usc_code        str39   %39s                  USC_CODE
entid           long    %12.0g                
----------------------------------------------------------------------------------------
Sorted by: cid

. 
