This is pdfTeX, Version 3.141592653-2.6-1.40.27 (TeX Live 2025) (preloaded format=pdflatex 2025.3.22)  30 MAY 2026 16:08
entering extended mode
 restricted \write18 enabled.
 %&-line parsing enabled.
**price_regression_report_en.tex
(./price_regression_report_en.tex
LaTeX2e <2024-11-01> patch level 2
L3 programming layer <2025-01-18>

(c:/Users/HKUBS/Downloads/Latex/texlive/2025/texmf-dist/tex/latex/base/article.
cls
Document Class: article 2024/06/29 v1.4n Standard LaTeX document class

(c:/Users/HKUBS/Downloads/Latex/texlive/2025/texmf-dist/tex/latex/base/size12.c
lo
File: size12.clo 2024/06/29 v1.4n Standard LaTeX file (size option)
)
\c@part=\count196
\c@section=\count197
\c@subsection=\count198
\c@subsubsection=\count199
\c@paragraph=\count266
\c@subparagraph=\count267
\c@figure=\count268
\c@table=\count269
\abovecaptionskip=\skip49
\belowcaptionskip=\skip50
\bibindent=\dimen141
)
(c:/Users/HKUBS/Downloads/Latex/texlive/2025/texmf-dist/tex/latex/booktabs/book
tabs.sty
Package: booktabs 2020/01/12 v1.61803398 Publication quality tables
\heavyrulewidth=\dimen142
\lightrulewidth=\dimen143
\cmidrulewidth=\dimen144
\belowrulesep=\dimen145
\belowbottomsep=\dimen146
\aboverulesep=\dimen147
\abovetopsep=\dimen148
\cmidrulesep=\dimen149
\cmidrulekern=\dimen150
\defaultaddspace=\dimen151
\@cmidla=\count270
\@cmidlb=\count271
\@aboverulesep=\dimen152
\@belowrulesep=\dimen153
\@thisruleclass=\count272
\@lastruleclass=\count273
\@thisrulewidth=\dimen154
)
(c:/Users/HKUBS/Downloads/Latex/texlive/2025/texmf-dist/tex/latex/amsmath/amsma
th.sty
Package: amsmath 2024/11/05 v2.17t AMS math features
\@mathmargin=\skip51

For additional information on amsmath, use the `?' option.

(c:/Users/HKUBS/Downloads/Latex/texlive/2025/texmf-dist/tex/latex/amsmath/amste
xt.sty
Package: amstext 2021/08/26 v2.01 AMS text

(c:/Users/HKUBS/Downloads/Latex/texlive/2025/texmf-dist/tex/latex/amsmath/amsge
n.sty
File: amsgen.sty 1999/11/30 v2.0 generic functions
\@emptytoks=\toks17
\ex@=\dimen155
))
(c:/Users/HKUBS/Downloads/Latex/texlive/2025/texmf-dist/tex/latex/amsmath/amsbs
y.sty
Package: amsbsy 1999/11/29 v1.2d Bold Symbols
\pmbraise@=\dimen156
)
(c:/Users/HKUBS/Downloads/Latex/texlive/2025/texmf-dist/tex/latex/amsmath/amsop
n.sty
Package: amsopn 2022/04/08 v2.04 operator names
)
\inf@bad=\count274
LaTeX Info: Redefining \frac on input line 233.
\uproot@=\count275
\leftroot@=\count276
LaTeX Info: Redefining \overline on input line 398.
LaTeX Info: Redefining \colon on input line 409.
\classnum@=\count277
\DOTSCASE@=\count278
LaTeX Info: Redefining \ldots on input line 495.
LaTeX Info: Redefining \dots on input line 498.
LaTeX Info: Redefining \cdots on input line 619.
\Mathstrutbox@=\box52
\strutbox@=\box53
LaTeX Info: Redefining \big on input line 721.
LaTeX Info: Redefining \Big on input line 722.
LaTeX Info: Redefining \bigg on input line 723.
LaTeX Info: Redefining \Bigg on input line 724.
\big@size=\dimen157
LaTeX Font Info:    Redeclaring font encoding OML on input line 742.
LaTeX Font Info:    Redeclaring font encoding OMS on input line 743.
\macc@depth=\count279
LaTeX Info: Redefining \bmod on input line 904.
LaTeX Info: Redefining \pmod on input line 909.
LaTeX Info: Redefining \smash on input line 939.
LaTeX Info: Redefining \relbar on input line 969.
LaTeX Info: Redefining \Relbar on input line 970.
\c@MaxMatrixCols=\count280
\dotsspace@=\muskip17
\c@parentequation=\count281
\dspbrk@lvl=\count282
\tag@help=\toks18
\row@=\count283
\column@=\count284
\maxfields@=\count285
\andhelp@=\toks19
\eqnshift@=\dimen158
\alignsep@=\dimen159
\tagshift@=\dimen160
\tagwidth@=\dimen161
\totwidth@=\dimen162
\lineht@=\dimen163
\@envbody=\toks20
\multlinegap=\skip52
\multlinetaggap=\skip53
\mathdisplay@stack=\toks21
LaTeX Info: Redefining \[ on input line 2953.
LaTeX Info: Redefining \] on input line 2954.
)
(c:/Users/HKUBS/Downloads/Latex/texlive/2025/texmf-dist/tex/latex/amsfonts/amss
ymb.sty
Package: amssymb 2013/01/14 v3.01 AMS font symbols

(c:/Users/HKUBS/Downloads/Latex/texlive/2025/texmf-dist/tex/latex/amsfonts/amsf
onts.sty
Package: amsfonts 2013/01/14 v3.01 Basic AMSFonts support
\symAMSa=\mathgroup4
\symAMSb=\mathgroup5
LaTeX Font Info:    Redeclaring math symbol \hbar on input line 98.
LaTeX Font Info:    Overwriting math alphabet `\mathfrak' in version `bold'
(Font)                  U/euf/m/n --> U/euf/b/n on input line 106.
))
(c:/Users/HKUBS/Downloads/Latex/texlive/2025/texmf-dist/tex/latex/geometry/geom
etry.sty
Package: geometry 2020/01/02 v5.9 Page Geometry

(c:/Users/HKUBS/Downloads/Latex/texlive/2025/texmf-dist/tex/latex/graphics/keyv
al.sty
Package: keyval 2022/05/29 v1.15 key=value parser (DPC)
\KV@toks@=\toks22
)
(c:/Users/HKUBS/Downloads/Latex/texlive/2025/texmf-dist/tex/generic/iftex/ifvte
x.sty
Package: ifvtex 2019/10/25 v1.7 ifvtex legacy package. Use iftex instead.

(c:/Users/HKUBS/Downloads/Latex/texlive/2025/texmf-dist/tex/generic/iftex/iftex
.sty
Package: iftex 2024/12/12 v1.0g TeX engine tests
))
\Gm@cnth=\count286
\Gm@cntv=\count287
\c@Gm@tempcnt=\count288
\Gm@bindingoffset=\dimen164
\Gm@wd@mp=\dimen165
\Gm@odd@mp=\dimen166
\Gm@even@mp=\dimen167
\Gm@layoutwidth=\dimen168
\Gm@layoutheight=\dimen169
\Gm@layouthoffset=\dimen170
\Gm@layoutvoffset=\dimen171
\Gm@dimlist=\toks23
)
(c:/Users/HKUBS/Downloads/Latex/texlive/2025/texmf-dist/tex/latex/caption/capti
on.sty
Package: caption 2023/08/05 v3.6o Customizing captions (AR)

(c:/Users/HKUBS/Downloads/Latex/texlive/2025/texmf-dist/tex/latex/caption/capti
on3.sty
Package: caption3 2023/07/31 v2.4d caption3 kernel (AR)
\caption@tempdima=\dimen172
\captionmargin=\dimen173
\caption@leftmargin=\dimen174
\caption@rightmargin=\dimen175
\caption@width=\dimen176
\caption@indent=\dimen177
\caption@parindent=\dimen178
\caption@hangindent=\dimen179
Package caption Info: Standard document class detected.
)
\c@caption@flags=\count289
\c@continuedfloat=\count290
)
(c:/Users/HKUBS/Downloads/Latex/texlive/2025/texmf-dist/tex/latex/threeparttabl
e/threeparttable.sty
Package: threeparttable 2003/06/13  v 3.0
\@tempboxb=\box54
)
(c:/Users/HKUBS/Downloads/Latex/texlive/2025/texmf-dist/tex/latex/float/float.s
ty
Package: float 2001/11/08 v1.3d Float enhancements (AL)
\c@float@type=\count291
\float@exts=\toks24
\float@box=\box55
\@float@everytoks=\toks25
\@floatcapt=\box56
)
(c:/Users/HKUBS/Downloads/Latex/texlive/2025/texmf-dist/tex/latex/setspace/sets
pace.sty
Package: setspace 2022/12/04 v6.7b set line spacing
)
(c:/Users/HKUBS/Downloads/Latex/texlive/2025/texmf-dist/tex/latex/pdflscape/pdf
lscape.sty
Package: pdflscape 2022-10-27 v0.13 Display of landscape pages in PDF

(c:/Users/HKUBS/Downloads/Latex/texlive/2025/texmf-dist/tex/latex/pdflscape/pdf
lscape-nometadata.sty
Package: pdflscape-nometadata 2022-10-28 v0.13 Display of landscape pages in PD
F (HO)

(c:/Users/HKUBS/Downloads/Latex/texlive/2025/texmf-dist/tex/latex/graphics/lsca
pe.sty
Package: lscape 2020/05/28 v3.02 Landscape Pages (DPC)

(c:/Users/HKUBS/Downloads/Latex/texlive/2025/texmf-dist/tex/latex/graphics/grap
hics.sty
Package: graphics 2024/08/06 v1.4g Standard LaTeX Graphics (DPC,SPQR)

(c:/Users/HKUBS/Downloads/Latex/texlive/2025/texmf-dist/tex/latex/graphics/trig
.sty
Package: trig 2023/12/02 v1.11 sin cos tan (DPC)
)
(c:/Users/HKUBS/Downloads/Latex/texlive/2025/texmf-dist/tex/latex/graphics-cfg/
graphics.cfg
File: graphics.cfg 2016/06/04 v1.11 sample graphics configuration
)
Package graphics Info: Driver file: pdftex.def on input line 106.

(c:/Users/HKUBS/Downloads/Latex/texlive/2025/texmf-dist/tex/latex/graphics-def/
pdftex.def
File: pdftex.def 2024/04/13 v1.2c Graphics/color driver for pdftex
)))
Package pdflscape Info: Auto-detected driver: pdftex on input line 81.
))
(c:/Users/HKUBS/Downloads/Latex/texlive/2025/texmf-dist/tex/latex/tools/array.s
ty
Package: array 2024/10/17 v2.6g Tabular extension package (FMi)
\col@sep=\dimen180
\ar@mcellbox=\box57
\extrarowheight=\dimen181
\NC@list=\toks26
\extratabsurround=\skip54
\backup@length=\skip55
\ar@cellbox=\box58
)
(c:/Users/HKUBS/Downloads/Latex/texlive/2025/texmf-dist/tex/latex/enumitem/enum
item.sty
Package: enumitem 2025/02/06 v3.11 Customized lists
\labelindent=\skip56
\enit@outerparindent=\dimen182
\enit@toks=\toks27
\enit@inbox=\box59
\enit@count@id=\count292
\enitdp@description=\count293
)
(c:/Users/HKUBS/Downloads/Latex/texlive/2025/texmf-dist/tex/latex/hyperref/hype
rref.sty
Package: hyperref 2024-11-05 v7.01l Hypertext links for LaTeX

(c:/Users/HKUBS/Downloads/Latex/texlive/2025/texmf-dist/tex/latex/kvsetkeys/kvs
etkeys.sty
Package: kvsetkeys 2022-10-05 v1.19 Key value parser (HO)
)
(c:/Users/HKUBS/Downloads/Latex/texlive/2025/texmf-dist/tex/generic/kvdefinekey
s/kvdefinekeys.sty
Package: kvdefinekeys 2019-12-19 v1.6 Define keys (HO)
)
(c:/Users/HKUBS/Downloads/Latex/texlive/2025/texmf-dist/tex/generic/pdfescape/p
dfescape.sty
Package: pdfescape 2019/12/09 v1.15 Implements pdfTeX's escape features (HO)

(c:/Users/HKUBS/Downloads/Latex/texlive/2025/texmf-dist/tex/generic/ltxcmds/ltx
cmds.sty
Package: ltxcmds 2023-12-04 v1.26 LaTeX kernel commands for general use (HO)
)
(c:/Users/HKUBS/Downloads/Latex/texlive/2025/texmf-dist/tex/generic/pdftexcmds/
pdftexcmds.sty
Package: pdftexcmds 2020-06-27 v0.33 Utility functions of pdfTeX for LuaTeX (HO
)

(c:/Users/HKUBS/Downloads/Latex/texlive/2025/texmf-dist/tex/generic/infwarerr/i
nfwarerr.sty
Package: infwarerr 2019/12/03 v1.5 Providing info/warning/error messages (HO)
)
Package pdftexcmds Info: \pdf@primitive is available.
Package pdftexcmds Info: \pdf@ifprimitive is available.
Package pdftexcmds Info: \pdfdraftmode found.
))
(c:/Users/HKUBS/Downloads/Latex/texlive/2025/texmf-dist/tex/latex/hycolor/hycol
or.sty
Package: hycolor 2020-01-27 v1.10 Color options for hyperref/bookmark (HO)
)
(c:/Users/HKUBS/Downloads/Latex/texlive/2025/texmf-dist/tex/latex/hyperref/name
ref.sty
Package: nameref 2023-11-26 v2.56 Cross-referencing by name of section

(c:/Users/HKUBS/Downloads/Latex/texlive/2025/texmf-dist/tex/latex/refcount/refc
ount.sty
Package: refcount 2019/12/15 v3.6 Data extraction from label references (HO)
)
(c:/Users/HKUBS/Downloads/Latex/texlive/2025/texmf-dist/tex/generic/gettitlestr
ing/gettitlestring.sty
Package: gettitlestring 2019/12/15 v1.6 Cleanup title references (HO)

(c:/Users/HKUBS/Downloads/Latex/texlive/2025/texmf-dist/tex/latex/kvoptions/kvo
ptions.sty
Package: kvoptions 2022-06-15 v3.15 Key value format for package options (HO)
))
\c@section@level=\count294
)
(c:/Users/HKUBS/Downloads/Latex/texlive/2025/texmf-dist/tex/latex/etoolbox/etoo
lbox.sty
Package: etoolbox 2025/02/11 v2.5l e-TeX tools for LaTeX (JAW)
\etb@tempcnta=\count295
)
(c:/Users/HKUBS/Downloads/Latex/texlive/2025/texmf-dist/tex/generic/stringenc/s
tringenc.sty
Package: stringenc 2019/11/29 v1.12 Convert strings between diff. encodings (HO
)
)
\@linkdim=\dimen183
\Hy@linkcounter=\count296
\Hy@pagecounter=\count297

(c:/Users/HKUBS/Downloads/Latex/texlive/2025/texmf-dist/tex/latex/hyperref/pd1e
nc.def
File: pd1enc.def 2024-11-05 v7.01l Hyperref: PDFDocEncoding definition (HO)
Now handling font encoding PD1 ...
... no UTF-8 mapping file for font encoding PD1
)
(c:/Users/HKUBS/Downloads/Latex/texlive/2025/texmf-dist/tex/generic/intcalc/int
calc.sty
Package: intcalc 2019/12/15 v1.3 Expandable calculations with integers (HO)
)
\Hy@SavedSpaceFactor=\count298

(c:/Users/HKUBS/Downloads/Latex/texlive/2025/texmf-dist/tex/latex/hyperref/puen
c.def
File: puenc.def 2024-11-05 v7.01l Hyperref: PDF Unicode definition (HO)
Now handling font encoding PU ...
... no UTF-8 mapping file for font encoding PU
)
Package hyperref Info: Hyper figures OFF on input line 4157.
Package hyperref Info: Link nesting OFF on input line 4162.
Package hyperref Info: Hyper index ON on input line 4165.
Package hyperref Info: Plain pages OFF on input line 4172.
Package hyperref Info: Backreferencing OFF on input line 4177.
Package hyperref Info: Implicit mode ON; LaTeX internals redefined.
Package hyperref Info: Bookmarks ON on input line 4424.
\c@Hy@tempcnt=\count299

(c:/Users/HKUBS/Downloads/Latex/texlive/2025/texmf-dist/tex/latex/url/url.sty
\Urlmuskip=\muskip18
Package: url 2013/09/16  ver 3.4  Verb mode for urls, etc.
)
LaTeX Info: Redefining \url on input line 4763.
\XeTeXLinkMargin=\dimen184

(c:/Users/HKUBS/Downloads/Latex/texlive/2025/texmf-dist/tex/generic/bitset/bits
et.sty
Package: bitset 2019/12/09 v1.3 Handle bit-vector datatype (HO)

(c:/Users/HKUBS/Downloads/Latex/texlive/2025/texmf-dist/tex/generic/bigintcalc/
bigintcalc.sty
Package: bigintcalc 2019/12/15 v1.5 Expandable calculations on big integers (HO
)
))
\Fld@menulength=\count300
\Field@Width=\dimen185
\Fld@charsize=\dimen186
Package hyperref Info: Hyper figures OFF on input line 6042.
Package hyperref Info: Link nesting OFF on input line 6047.
Package hyperref Info: Hyper index ON on input line 6050.
Package hyperref Info: backreferencing OFF on input line 6057.
Package hyperref Info: Link coloring OFF on input line 6062.
Package hyperref Info: Link coloring with OCG OFF on input line 6067.
Package hyperref Info: PDF/A mode OFF on input line 6072.

(c:/Users/HKUBS/Downloads/Latex/texlive/2025/texmf-dist/tex/latex/base/atbegshi
-ltx.sty
Package: atbegshi-ltx 2021/01/10 v1.0c Emulation of the original atbegshi
package with kernel methods
)
\Hy@abspage=\count301
\c@Item=\count302
\c@Hfootnote=\count303
)
Package hyperref Info: Driver (autodetected): hpdftex.

(c:/Users/HKUBS/Downloads/Latex/texlive/2025/texmf-dist/tex/latex/hyperref/hpdf
tex.def
File: hpdftex.def 2024-11-05 v7.01l Hyperref driver for pdfTeX

(c:/Users/HKUBS/Downloads/Latex/texlive/2025/texmf-dist/tex/latex/base/atveryen
d-ltx.sty
Package: atveryend-ltx 2020/08/19 v1.0a Emulation of the original atveryend pac
kage
with kernel methods
)
\Fld@listcount=\count304
\c@bookmark@seq@number=\count305

(c:/Users/HKUBS/Downloads/Latex/texlive/2025/texmf-dist/tex/latex/rerunfilechec
k/rerunfilecheck.sty
Package: rerunfilecheck 2022-07-10 v1.10 Rerun checks for auxiliary files (HO)

(c:/Users/HKUBS/Downloads/Latex/texlive/2025/texmf-dist/tex/generic/uniquecount
er/uniquecounter.sty
Package: uniquecounter 2019/12/15 v1.4 Provide unlimited unique counter (HO)
)
Package uniquecounter Info: New unique counter `rerunfilecheck' on input line 2
85.
)
\Hy@SectionHShift=\skip57
)
(c:/Users/HKUBS/Downloads/Latex/texlive/2025/texmf-dist/tex/latex/l3backend/l3b
ackend-pdftex.def
File: l3backend-pdftex.def 2024-05-08 L3 backend support: PDF output (pdfTeX)
\l__color_backend_stack_int=\count306
\l__pdf_internal_box=\box60
) (./price_regression_report_en.aux)
\openout1 = `price_regression_report_en.aux'.

LaTeX Font Info:    Checking defaults for OML/cmm/m/it on input line 31.
LaTeX Font Info:    ... okay on input line 31.
LaTeX Font Info:    Checking defaults for OMS/cmsy/m/n on input line 31.
LaTeX Font Info:    ... okay on input line 31.
LaTeX Font Info:    Checking defaults for OT1/cmr/m/n on input line 31.
LaTeX Font Info:    ... okay on input line 31.
LaTeX Font Info:    Checking defaults for T1/cmr/m/n on input line 31.
LaTeX Font Info:    ... okay on input line 31.
LaTeX Font Info:    Checking defaults for TS1/cmr/m/n on input line 31.
LaTeX Font Info:    ... okay on input line 31.
LaTeX Font Info:    Checking defaults for OMX/cmex/m/n on input line 31.
LaTeX Font Info:    ... okay on input line 31.
LaTeX Font Info:    Checking defaults for U/cmr/m/n on input line 31.
LaTeX Font Info:    ... okay on input line 31.
LaTeX Font Info:    Checking defaults for PD1/pdf/m/n on input line 31.
LaTeX Font Info:    ... okay on input line 31.
LaTeX Font Info:    Checking defaults for PU/pdf/m/n on input line 31.
LaTeX Font Info:    ... okay on input line 31.

*geometry* driver: auto-detecting
*geometry* detected driver: pdftex
*geometry* verbose mode - [ preamble ] result:
* driver: pdftex
* paper: <default>
* layout: <same size as paper>
* layoutoffset:(h,v)=(0.0pt,0.0pt)
* modes: 
* h-part:(L,W,R)=(79.49744pt, 455.30013pt, 79.49744pt)
* v-part:(T,H,B)=(72.26999pt, 650.43001pt, 72.26999pt)
* \paperwidth=614.295pt
* \paperheight=794.96999pt
* \textwidth=455.30013pt
* \textheight=650.43001pt
* \oddsidemargin=7.22745pt
* \evensidemargin=7.22745pt
* \topmargin=-37.0pt
* \headheight=12.0pt
* \headsep=25.0pt
* \topskip=12.0pt
* \footskip=30.0pt
* \marginparwidth=44.0pt
* \marginparsep=10.0pt
* \columnsep=10.0pt
* \skip\footins=10.8pt plus 4.0pt minus 2.0pt
* \hoffset=0.0pt
* \voffset=0.0pt
* \mag=1000
* \@twocolumnfalse
* \@twosidefalse
* \@mparswitchfalse
* \@reversemarginfalse
* (1in=72.27pt=25.4mm, 1cm=28.453pt)

Package caption Info: Begin \AtBeginDocument code.
Package caption Info: float package is loaded.
Package caption Info: hyperref package is loaded.
Package caption Info: threeparttable package is loaded.
Package caption Info: End \AtBeginDocument code.

(c:/Users/HKUBS/Downloads/Latex/texlive/2025/texmf-dist/tex/context/base/mkii/s
upp-pdf.mkii
[Loading MPS to PDF converter (version 2006.09.02).]
\scratchcounter=\count307
\scratchdimen=\dimen187
\scratchbox=\box61
\nofMPsegments=\count308
\nofMParguments=\count309
\everyMPshowfont=\toks28
\MPscratchCnt=\count310
\MPscratchDim=\dimen188
\MPnumerator=\count311
\makeMPintoPDFobject=\count312
\everyMPtoPDFconversion=\toks29
)
(c:/Users/HKUBS/Downloads/Latex/texlive/2025/texmf-dist/tex/latex/epstopdf-pkg/
epstopdf-base.sty
Package: epstopdf-base 2020-01-24 v2.11 Base part for package epstopdf
Package epstopdf-base Info: Redefining graphics rule for `.eps' on input line 4
85.

(c:/Users/HKUBS/Downloads/Latex/texlive/2025/texmf-dist/tex/latex/latexconfig/e
pstopdf-sys.cfg
File: epstopdf-sys.cfg 2010/07/13 v1.3 Configuration of (r)epstopdf for TeX Liv
e
))
Package hyperref Info: Link coloring OFF on input line 31.
 (./price_regression_report_en.out)
(./price_regression_report_en.out)
\@outlinefile=\write3
\openout3 = `price_regression_report_en.out'.

LaTeX Font Info:    Trying to load font information for U+msa on input line 34.


(c:/Users/HKUBS/Downloads/Latex/texlive/2025/texmf-dist/tex/latex/amsfonts/umsa
.fd
File: umsa.fd 2013/01/14 v3.01 AMS symbols A
)
LaTeX Font Info:    Trying to load font information for U+msb on input line 34.


(c:/Users/HKUBS/Downloads/Latex/texlive/2025/texmf-dist/tex/latex/amsfonts/umsb
.fd
File: umsb.fd 2013/01/14 v3.01 AMS symbols B
) (./price_regression_report_en.toc)
\tf@toc=\write4
\openout4 = `price_regression_report_en.toc'.



[1

{c:/Users/HKUBS/Downloads/Latex/texlive/2025/texmf-var/fonts/map/pdftex/updmap/
pdftex.map}]

[2

{c:/Users/HKUBS/Downloads/Latex/texlive/2025/texmf-dist/fonts/enc/dvips/cm-supe
r/cm-super-ts1.enc}]

[3]

[4]

[5]

[6]

[7]

[8

]

[9

]

[10

]
Overfull \vbox (52.00705pt too high) has occurred while \output is active []



[11]

[12

]

[13

]
Overfull \vbox (43.4166pt too high) has occurred while \output is active []



[14]

[15

]
Overfull \hbox (9.03827pt too wide) detected at line 710
[]  [][]\OMS/cmsy/m/n/12 !  []  [][]!  []
 []



[16]

[17] (./price_regression_report_en.aux)
 ***********
LaTeX2e <2024-11-01> patch level 2
L3 programming layer <2025-01-18>
 ***********
Package rerunfilecheck Info: File `price_regression_report_en.out' has not chan
ged.
(rerunfilecheck)             Checksum: 839861E44991234D3E14E8BA823A330E;2030.
 ) 
Here is how much of TeX's memory you used:
 12282 strings out of 473190
 197170 string characters out of 5705391
 600495 words of memory out of 5000000
 35301 multiletter control sequences out of 15000+600000
 575332 words of font info for 98 fonts, out of 8000000 for 9000
 1141 hyphenation exceptions out of 8191
 89i,15n,95p,387b,593s stack positions out of 10000i,1000n,20000p,200000b,200000s
<c:/Users/HKUBS/Downloads/Latex/texlive/2025/texmf-dist/fonts/type1/public/am
sfonts/cm/cmbx10.pfb><c:/Users/HKUBS/Downloads/Latex/texlive/2025/texmf-dist/fo
nts/type1/public/amsfonts/cm/cmbx12.pfb><c:/Users/HKUBS/Downloads/Latex/texlive
/2025/texmf-dist/fonts/type1/public/amsfonts/cm/cmex10.pfb><c:/Users/HKUBS/Down
loads/Latex/texlive/2025/texmf-dist/fonts/type1/public/amsfonts/cm/cmmi10.pfb><
c:/Users/HKUBS/Downloads/Latex/texlive/2025/texmf-dist/fonts/type1/public/amsfo
nts/cm/cmmi12.pfb><c:/Users/HKUBS/Downloads/Latex/texlive/2025/texmf-dist/fonts
/type1/public/amsfonts/cm/cmmi7.pfb><c:/Users/HKUBS/Downloads/Latex/texlive/202
5/texmf-dist/fonts/type1/public/amsfonts/cm/cmmi8.pfb><c:/Users/HKUBS/Downloads
/Latex/texlive/2025/texmf-dist/fonts/type1/public/amsfonts/cm/cmmib10.pfb><c:/U
sers/HKUBS/Downloads/Latex/texlive/2025/texmf-dist/fonts/type1/public/amsfonts/
cm/cmr10.pfb><c:/Users/HKUBS/Downloads/Latex/texlive/2025/texmf-dist/fonts/type
1/public/amsfonts/cm/cmr12.pfb><c:/Users/HKUBS/Downloads/Latex/texlive/2025/tex
mf-dist/fonts/type1/public/amsfonts/cm/cmr7.pfb><c:/Users/HKUBS/Downloads/Latex
/texlive/2025/texmf-dist/fonts/type1/public/amsfonts/cm/cmr8.pfb><c:/Users/HKUB
S/Downloads/Latex/texlive/2025/texmf-dist/fonts/type1/public/amsfonts/cm/cmsy10
.pfb><c:/Users/HKUBS/Downloads/Latex/texlive/2025/texmf-dist/fonts/type1/public
/amsfonts/cm/cmsy7.pfb><c:/Users/HKUBS/Downloads/Latex/texlive/2025/texmf-dist/
fonts/type1/public/amsfonts/cm/cmsy8.pfb><c:/Users/HKUBS/Downloads/Latex/texliv
e/2025/texmf-dist/fonts/type1/public/amsfonts/cm/cmti10.pfb><c:/Users/HKUBS/Dow
nloads/Latex/texlive/2025/texmf-dist/fonts/type1/public/amsfonts/cm/cmti12.pfb>
<c:/Users/HKUBS/Downloads/Latex/texlive/2025/texmf-dist/fonts/type1/public/amsf
onts/cm/cmtt12.pfb><c:/Users/HKUBS/Downloads/Latex/texlive/2025/texmf-dist/font
s/type1/public/cm-super/sfrm1200.pfb>
Output written on price_regression_report_en.pdf (17 pages, 242590 bytes).
PDF statistics:
 284 PDF objects out of 1000 (max. 8388607)
 224 compressed objects within 3 object streams
 70 named destinations out of 1000 (max. 500000)
 73 words of extra memory for PDF output out of 10000 (max. 10000000)

