-------------------------------------------------------------------------------
      name:  <unnamed>
       log:  G:\Kuangyu_Temp\Outsource\productivity\regression\leave_one_out\02
> _price_reg.log
  log type:  text
 opened on:  30 May 2026, 17:21:07

. 
. global REGOUT      "regression\leave_one_out"

. global esttab_opts "b(3) se(3) star(* 0.10 ** 0.05 *** 0.01) nogaps compress"

. 
. 
. * ===========================================================================
> ===
. * PART 1: 构造回归数据
. * ===========================================================================
> ===
. 
. display ""


. display "===== PART 1: 构造回归数据 ====="
===== PART 1: 构造回归数据 =====

. 
. use "invoice_panel.dta", clear

. count
  59,445

. display "主面板观测数 (firm × prod × city × year): " r(N)
主面板观测数 (firm × prod × city × year): 59445

. 
. merge m:1 product_id city year using "market_conds.dta", keep(master match) n
> ogen

    Result                      Number of obs
    -----------------------------------------
    Not matched                            22
        from master                        22  
        from using                          0  

    Matched                            59,423  
    -----------------------------------------

. count
  59,445

. display "after market_conds merge: " r(N)
after market_conds merge: 59445

. 
. merge m:1 firm_id year using "firm_chars.dta", keep(master match) nogen

    Result                      Number of obs
    -----------------------------------------
    Not matched                             0
    Matched                            59,445  
    -----------------------------------------

. count
  59,445

. display "after firm_chars merge: " r(N)
after firm_chars merge: 59445

. 
. * --- 去掉中介企业 ---
. drop if is_intermediary == 1
(12,500 observations deleted)

. count
  46,945

. display "after dropping intermediaries: " r(N)
after dropping intermediaries: 46945

. 
. * --- 合并产品相似度 ---
. preserve

.     use "G:\Kuangyu_Temp\Outsource\full_data.dta", clear

.     keep firm_id year product_id input_similarity output_similarity

.     duplicates drop firm_id year product_id, force

Duplicates in terms of firm_id year product_id

(0 observations are duplicates)

.     save "sim_temp.dta", replace
(file sim_temp.dta not found)
file sim_temp.dta saved

. restore

. 
. merge m:1 firm_id product_id year using "sim_temp.dta", ///
>     keepusing(input_similarity output_similarity) keep(master match) nogen

    Result                      Number of obs
    -----------------------------------------
    Not matched                            12
        from master                        12  
        from using                          0  

    Matched                            46,933  
    -----------------------------------------

. erase "sim_temp.dta"

. 
. * --- 数值 ID（供 reghdfe 使用）---
. gegen firm_n = group(firm_id)

. gegen prod_n = group(product_id)

. gegen city_n = group(city)

. 
. display ""


. display "==== 关键变量缺失统计 ===="
==== 关键变量缺失统计 ====

. foreach v in ln_p_net ln_firm_output ln_Capital n_products ///
>              input_similarity output_similarity ///
>              ln_n_buyers ln_n_sellers ln_mkt_qty ln_p_mkt_loo {
  2.     count if missing(`v')
  3.     display "  missing `v': " r(N)
  4. }
  0
  missing ln_p_net: 0
  0
  missing ln_firm_output: 0
  17,698
  missing ln_Capital: 17698
  0
  missing n_products: 0
  12
  missing input_similarity: 12
  12
  missing output_similarity: 12
  18
  missing ln_n_buyers: 18
  76
  missing ln_n_sellers: 76
  18
  missing ln_mkt_qty: 18
  166
  missing ln_p_mkt_loo: 166

. 
. display ""


. display "==== 回归面板汇总 ===="
==== 回归面板汇总 ====

. count
  46,945

. display "总观测数: " r(N)
总观测数: 46945

. gdistinct firm_n

        |        Observations
        |      total   distinct
--------+----------------------
 firm_n |      46945       1875

. gdistinct prod_n

        |        Observations
        |      total   distinct
--------+----------------------
 prod_n |      46945       2143

. gdistinct city_n

        |        Observations
        |      total   distinct
--------+----------------------
 city_n |      46945        262

. 
. compress
  variable year was long now int
  variable n_rows was long now int
  variable n_products was long now int
  variable is_intermediary was long now byte
  variable firm_n was float now int
  variable prod_n was float now int
  variable city_n was float now int
  variable n_sellers was double now long
  (891,955 bytes saved)

. save "reg_panel.dta", replace
file reg_panel.dta saved

. 
. 
. * ===========================================================================
> ===
. * TABLE 1: 仅企业层面
. *
. * 展示企业特征（规模、资本、产品数）对外包价格的截面相关性。
. * 企业变量在 OLS 可识别；加入 Firm FE 后完全被吸收（单年截面数据）。
. * ===========================================================================
> ===
. 
. display ""


. display "===== TABLE 1: Firm-level only ====="
===== TABLE 1: Firm-level only =====

. 
. use "reg_panel.dta", clear

. 
. * (1) OLS
. reg ln_p_net ln_firm_output ln_Capital n_products, vce(cluster firm_n)

Linear regression                               Number of obs     =     29,247
                                                F(3, 1266)        =       9.73
                                                Prob > F          =     0.0000
                                                R-squared         =     0.0180
                                                Root MSE          =     2.5829

                             (Std. err. adjusted for 1,267 clusters in firm_n)
------------------------------------------------------------------------------
             |               Robust
    ln_p_net | Coefficient  std. err.      t    P>|t|     [95% conf. interval]
-------------+----------------------------------------------------------------
ln_firm_ou~t |    .177669    .038474     4.62   0.000     .1021891    .2531489
  ln_Capital |  -.1276758   .0339686    -3.76   0.000    -.1943167   -.0610349
  n_products |  -.0008718   .0004473    -1.95   0.052    -.0017493    5.71e-06
       _cons |   3.273128   .4688338     6.98   0.000     2.353352    4.192905
------------------------------------------------------------------------------

. estadd local firm_fe "No",  replace

added macro:
            e(firm_fe) : "No"

. estadd local prod_fe "No",  replace

added macro:
            e(prod_fe) : "No"

. estadd local city_fe "No",  replace

added macro:
            e(city_fe) : "No"

. est store t1_m1

. 
. * (2) + Firm FE（企业变量全部被吸收，系数显示为 0/.）
. reghdfe ln_p_net ln_firm_output ln_Capital n_products, ///
>     absorb(firm_n) vce(cluster firm_n)
(dropped 332 singleton observations)
(MWFE estimator converged in 1 iterations)
note: ln_firm_output is probably collinear with the fixed effects (all partiall
> ed-out values are close to zero; tol = 1.0e-09)
note: ln_Capital is probably collinear with the fixed effects (all partialled-o
> ut values are close to zero; tol = 1.0e-09)
note: n_products is probably collinear with the fixed effects (all partialled-o
> ut values are close to zero; tol = 1.0e-09)

HDFE Linear regression                            Number of obs   =     28,915
Absorbing 1 HDFE group                            F(   0,    934) =          .
Statistics robust to heteroskedasticity           Prob > F        =          .
                                                  R-squared       =     0.2873
                                                  Adj R-squared   =     0.2635
                                                  Within R-sq.    =     0.0000
Number of clusters (firm_n)  =        935         Root MSE        =     2.2238

                               (Std. err. adjusted for 935 clusters in firm_n)
------------------------------------------------------------------------------
             |               Robust
    ln_p_net | Coefficient  std. err.      t    P>|t|     [95% conf. interval]
-------------+----------------------------------------------------------------
ln_firm_ou~t |          0  (omitted)
  ln_Capital |          0  (omitted)
  n_products |          0  (omitted)
       _cons |   3.941395   1.93e-16  2.0e+16   0.000     3.941395    3.941395
------------------------------------------------------------------------------

Absorbed degrees of freedom:
-----------------------------------------------------+
 Absorbed FE | Categories  - Redundant  = Num. Coefs |
-------------+---------------------------------------|
      firm_n |       935         935           0    *|
-----------------------------------------------------+
* = FE nested within cluster; treated as redundant for DoF computation

. estadd local firm_fe "Yes", replace

added macro:
            e(firm_fe) : "Yes"

. estadd local prod_fe "No",  replace

added macro:
            e(prod_fe) : "No"

. estadd local city_fe "No",  replace

added macro:
            e(city_fe) : "No"

. est store t1_m2

. 
. esttab t1_m1 t1_m2 ///
>     using "$REGOUT/T1_firm_only.txt", replace ///
>     $esttab_opts ///
>     order(ln_firm_output ln_Capital n_products) ///
>     stats(firm_fe prod_fe city_fe N r2_a, ///
>           labels("Firm FE" "Product FE" "City FE" "Observations" "Adj. R-sq")
>  ///
>           fmt(%s %s %s %12.0fc 3)) ///
>     title("DV: ln(purchase price). Firm-level variables only.") ///
>     mtitles("OLS" "+Firm FE")
(file regression\leave_one_out/T1_firm_only.txt not found)
(output written to regression\leave_one_out/T1_firm_only.txt)

. display "T1 saved."
T1 saved.

. est clear

. clear all

. set output proc

. set max_memory ., permanently
(set max_memory preference recorded)

. global REGOUT      "regression\leave_one_out"

. global esttab_opts "b(3) se(3) star(* 0.10 ** 0.05 *** 0.01) nogaps compress"

. 
. 
. * ===========================================================================
> ===
. * TABLE 2: 企业层面 + 产品相似性
. *
. * S_mj / C_mj 在 firm×product 层面变化，FE 规格下可识别。
. * OLS 三类变量均可识别；加入 Firm FE 后企业变量被吸收，相似度系数存活。
. * ===========================================================================
> ===
. 
. display ""


. display "===== TABLE 2: Firm-level + Similarity ====="
===== TABLE 2: Firm-level + Similarity =====

. 
. use "reg_panel.dta", clear

. 
. * (1) OLS
. reg ln_p_net ln_firm_output ln_Capital n_products ///
>     input_similarity output_similarity, vce(cluster firm_n)

Linear regression                               Number of obs     =     29,237
                                                F(5, 1266)        =      17.57
                                                Prob > F          =     0.0000
                                                R-squared         =     0.0284
                                                Root MSE          =     2.5694

                             (Std. err. adjusted for 1,267 clusters in firm_n)
------------------------------------------------------------------------------
             |               Robust
    ln_p_net | Coefficient  std. err.      t    P>|t|     [95% conf. interval]
-------------+----------------------------------------------------------------
ln_firm_ou~t |   .1679911   .0359666     4.67   0.000     .0974303    .2385518
  ln_Capital |  -.1045085    .031604    -3.31   0.001    -.1665105   -.0425065
  n_products |  -.0006381    .000419    -1.52   0.128    -.0014601    .0001838
input_simi~y |   1.136096   .2531832     4.49   0.000     .6393911    1.632801
output_sim~y |   .1053218   .3040093     0.35   0.729    -.4910958    .7017393
       _cons |   2.683731   .4998121     5.37   0.000     1.703179    3.664282
------------------------------------------------------------------------------

. estadd local firm_fe "No",  replace

added macro:
            e(firm_fe) : "No"

. estadd local prod_fe "No",  replace

added macro:
            e(prod_fe) : "No"

. estadd local city_fe "No",  replace

added macro:
            e(city_fe) : "No"

. est store t2_m1

. 
. * (2) + Firm FE
. reghdfe ln_p_net ln_firm_output ln_Capital n_products ///
>     input_similarity output_similarity, ///
>     absorb(firm_n) vce(cluster firm_n)
(dropped 332 singleton observations)
(MWFE estimator converged in 1 iterations)
note: ln_firm_output is probably collinear with the fixed effects (all partiall
> ed-out values are close to zero; tol = 1.0e-09)
note: ln_Capital is probably collinear with the fixed effects (all partialled-o
> ut values are close to zero; tol = 1.0e-09)
note: n_products is probably collinear with the fixed effects (all partialled-o
> ut values are close to zero; tol = 1.0e-09)

HDFE Linear regression                            Number of obs   =     28,905
Absorbing 1 HDFE group                            F(   2,    934) =       4.09
Statistics robust to heteroskedasticity           Prob > F        =     0.0170
                                                  R-squared       =     0.2881
                                                  Adj R-squared   =     0.2643
                                                  Within R-sq.    =     0.0013
Number of clusters (firm_n)  =        935         Root MSE        =     2.2227

                               (Std. err. adjusted for 935 clusters in firm_n)
------------------------------------------------------------------------------
             |               Robust
    ln_p_net | Coefficient  std. err.      t    P>|t|     [95% conf. interval]
-------------+----------------------------------------------------------------
ln_firm_ou~t |          0  (omitted)
  ln_Capital |          0  (omitted)
  n_products |          0  (omitted)
input_simi~y |   .3411994    .205608     1.66   0.097    -.0623077    .7447065
output_sim~y |   .1553114   .2190698     0.71   0.479    -.2746148    .5852375
       _cons |   3.852556   .0317566   121.32   0.000     3.790234    3.914879
------------------------------------------------------------------------------

Absorbed degrees of freedom:
-----------------------------------------------------+
 Absorbed FE | Categories  - Redundant  = Num. Coefs |
-------------+---------------------------------------|
      firm_n |       935         935           0    *|
-----------------------------------------------------+
* = FE nested within cluster; treated as redundant for DoF computation

. estadd local firm_fe "Yes", replace

added macro:
            e(firm_fe) : "Yes"

. estadd local prod_fe "No",  replace

added macro:
            e(prod_fe) : "No"

. estadd local city_fe "No",  replace

added macro:
            e(city_fe) : "No"

. est store t2_m2

. 
. * (3) + Firm + Product FE
. reghdfe ln_p_net ln_firm_output ln_Capital n_products ///
>     input_similarity output_similarity, ///
>     absorb(firm_n prod_n) vce(cluster firm_n)
(dropped 685 singleton observations)
(MWFE estimator converged in 14 iterations)
note: ln_firm_output is probably collinear with the fixed effects (all partiall
> ed-out values are close to zero; tol = 1.0e-09)
note: ln_Capital is probably collinear with the fixed effects (all partialled-o
> ut values are close to zero; tol = 1.0e-09)
note: n_products is probably collinear with the fixed effects (all partialled-o
> ut values are close to zero; tol = 1.0e-09)

HDFE Linear regression                            Number of obs   =     28,552
Absorbing 2 HDFE groups                           F(   2,    926) =       0.29
Statistics robust to heteroskedasticity           Prob > F        =     0.7454
                                                  R-squared       =     0.6269
                                                  Adj R-squared   =     0.5894
                                                  Within R-sq.    =     0.0000
Number of clusters (firm_n)  =        927         Root MSE        =     1.6495

                               (Std. err. adjusted for 927 clusters in firm_n)
------------------------------------------------------------------------------
             |               Robust
    ln_p_net | Coefficient  std. err.      t    P>|t|     [95% conf. interval]
-------------+----------------------------------------------------------------
ln_firm_ou~t |          0  (omitted)
  ln_Capital |          0  (omitted)
  n_products |          0  (omitted)
input_simi~y |   .0798263   .1166069     0.68   0.494    -.1490181    .3086707
output_sim~y |  -.0928494    .136403    -0.68   0.496    -.3605441    .1748454
       _cons |   3.917165   .0194771   201.12   0.000     3.878941    3.955389
------------------------------------------------------------------------------

Absorbed degrees of freedom:
-----------------------------------------------------+
 Absorbed FE | Categories  - Redundant  = Num. Coefs |
-------------+---------------------------------------|
      firm_n |       927         927           0    *|
      prod_n |      1680           1        1679     |
-----------------------------------------------------+
* = FE nested within cluster; treated as redundant for DoF computation

. estadd local firm_fe "Yes", replace

added macro:
            e(firm_fe) : "Yes"

. estadd local prod_fe "Yes", replace

added macro:
            e(prod_fe) : "Yes"

. estadd local city_fe "No",  replace

added macro:
            e(city_fe) : "No"

. est store t2_m3

. 
. * (4) + Firm + Product + City FE（首选规格）
. reghdfe ln_p_net ln_firm_output ln_Capital n_products ///
>     input_similarity output_similarity, ///
>     absorb(firm_n prod_n city_n) vce(cluster firm_n)
(dropped 685 singleton observations)
(MWFE estimator converged in 12 iterations)
note: ln_firm_output is probably collinear with the fixed effects (all partiall
> ed-out values are close to zero; tol = 1.0e-09)
note: ln_Capital is probably collinear with the fixed effects (all partialled-o
> ut values are close to zero; tol = 1.0e-09)
note: n_products is probably collinear with the fixed effects (all partialled-o
> ut values are close to zero; tol = 1.0e-09)

HDFE Linear regression                            Number of obs   =     28,552
Absorbing 3 HDFE groups                           F(   2,    926) =       0.29
Statistics robust to heteroskedasticity           Prob > F        =     0.7470
                                                  R-squared       =     0.6269
                                                  Adj R-squared   =     0.5864
                                                  Within R-sq.    =     0.0000
Number of clusters (firm_n)  =        927         Root MSE        =     1.6554

                               (Std. err. adjusted for 927 clusters in firm_n)
------------------------------------------------------------------------------
             |               Robust
    ln_p_net | Coefficient  std. err.      t    P>|t|     [95% conf. interval]
-------------+----------------------------------------------------------------
ln_firm_ou~t |          0  (omitted)
  ln_Capital |          0  (omitted)
  n_products |          0  (omitted)
input_simi~y |   .0798263   .1170148     0.68   0.495    -.1498186    .3094712
output_sim~y |  -.0928494   .1368801    -0.68   0.498    -.3614805    .1757818
       _cons |   3.917165   .0195452   200.42   0.000     3.878807    3.955523
------------------------------------------------------------------------------

Absorbed degrees of freedom:
-----------------------------------------------------+
 Absorbed FE | Categories  - Redundant  = Num. Coefs |
-------------+---------------------------------------|
      firm_n |       927         927           0    *|
      prod_n |      1680           1        1679     |
      city_n |       188           1         187     |
-----------------------------------------------------+
* = FE nested within cluster; treated as redundant for DoF computation

. estadd local firm_fe "Yes", replace

added macro:
            e(firm_fe) : "Yes"

. estadd local prod_fe "Yes", replace

added macro:
            e(prod_fe) : "Yes"

. estadd local city_fe "Yes", replace

added macro:
            e(city_fe) : "Yes"

. est store t2_m4

. 
. esttab t2_m1 t2_m2 t2_m3 t2_m4 ///
>     using "$REGOUT/T2_firm_similarity.txt", replace ///
>     $esttab_opts ///
>     order(ln_firm_output ln_Capital n_products input_similarity output_simila
> rity) ///
>     stats(firm_fe prod_fe city_fe N r2_a, ///
>           labels("Firm FE" "Product FE" "City FE" "Observations" "Adj. R-sq")
>  ///
>           fmt(%s %s %s %12.0fc 3)) ///
>     title("DV: ln(purchase price). Firm-level + product similarity (S_mj, C_m
> j).") ///
>     mtitles("OLS" "+Firm FE" "+Firm+Prod" "+Firm+Prod+City")
(file regression\leave_one_out/T2_firm_similarity.txt not found)
(output written to regression\leave_one_out/T2_firm_similarity.txt)

. display "T2 saved."
T2 saved.

. est clear

. clear all

. set output proc

. set max_memory ., permanently
(set max_memory preference recorded)

. global REGOUT      "regression\leave_one_out"

. global esttab_opts "b(3) se(3) star(* 0.10 ** 0.05 *** 0.01) nogaps compress"

. 
. 
. * ===========================================================================
> ===
. * TABLE 3: 仅市场层面
. *
. * 展示买卖双方竞争结构与市场均价对外包采购价格的影响。
. * 市场变量在 product×city 层面变化，OLS 和 FE 规格均可识别。
. * ===========================================================================
> ===
. 
. display ""


. display "===== TABLE 3: Market-level only ====="
===== TABLE 3: Market-level only =====

. 
. use "reg_panel.dta", clear

. 
. * (1) OLS
. reg ln_p_net ln_n_buyers ln_n_sellers ln_mkt_qty ln_p_mkt_loo, ///
>     vce(cluster firm_n)

Linear regression                               Number of obs     =     46,722
                                                F(4, 1874)        =     537.47
                                                Prob > F          =     0.0000
                                                R-squared         =     0.2877
                                                Root MSE          =     2.2237

                             (Std. err. adjusted for 1,875 clusters in firm_n)
------------------------------------------------------------------------------
             |               Robust
    ln_p_net | Coefficient  std. err.      t    P>|t|     [95% conf. interval]
-------------+----------------------------------------------------------------
 ln_n_buyers |   .2276706   .0526069     4.33   0.000     .1244964    .3308448
ln_n_sellers |   .0181183   .0626831     0.29   0.773    -.1048177    .1410543
  ln_mkt_qty |   -.008265   .0163799    -0.50   0.614    -.0403897    .0238597
ln_p_mkt_loo |   .7035507   .0193589    36.34   0.000     .6655833     .741518
       _cons |   .4610713   .2644982     1.74   0.081    -.0576707    .9798133
------------------------------------------------------------------------------

. estadd local firm_fe "No",  replace

added macro:
            e(firm_fe) : "No"

. estadd local prod_fe "No",  replace

added macro:
            e(prod_fe) : "No"

. estadd local city_fe "No",  replace

added macro:
            e(city_fe) : "No"

. est store t3_m1

. 
. * (2) + Firm FE
. reghdfe ln_p_net ln_n_buyers ln_n_sellers ln_mkt_qty ln_p_mkt_loo, ///
>     absorb(firm_n) vce(cluster firm_n)
(dropped 491 singleton observations)
(MWFE estimator converged in 1 iterations)

HDFE Linear regression                            Number of obs   =     46,231
Absorbing 1 HDFE group                            F(   4,   1383) =     660.65
Statistics robust to heteroskedasticity           Prob > F        =     0.0000
                                                  R-squared       =     0.4699
                                                  Adj R-squared   =     0.4535
                                                  Within R-sq.    =     0.2369
Number of clusters (firm_n)  =      1,384         Root MSE        =     1.9381

                             (Std. err. adjusted for 1,384 clusters in firm_n)
------------------------------------------------------------------------------
             |               Robust
    ln_p_net | Coefficient  std. err.      t    P>|t|     [95% conf. interval]
-------------+----------------------------------------------------------------
 ln_n_buyers |   .1187979   .0289218     4.11   0.000     .0620626    .1755332
ln_n_sellers |    .026583   .0356134     0.75   0.456     -.043279    .0964451
  ln_mkt_qty |  -.0318102    .015045    -2.11   0.035    -.0613236   -.0022967
ln_p_mkt_loo |   .5679068   .0150071    37.84   0.000     .5384677    .5973458
       _cons |   1.947017   .2054348     9.48   0.000      1.54402    2.350015
------------------------------------------------------------------------------

Absorbed degrees of freedom:
-----------------------------------------------------+
 Absorbed FE | Categories  - Redundant  = Num. Coefs |
-------------+---------------------------------------|
      firm_n |      1384        1384           0    *|
-----------------------------------------------------+
* = FE nested within cluster; treated as redundant for DoF computation

. estadd local firm_fe "Yes", replace

added macro:
            e(firm_fe) : "Yes"

. estadd local prod_fe "No",  replace

added macro:
            e(prod_fe) : "No"

. estadd local city_fe "No",  replace

added macro:
            e(city_fe) : "No"

. est store t3_m2

. 
. * (3) + Firm + Product FE
. reghdfe ln_p_net ln_n_buyers ln_n_sellers ln_mkt_qty ln_p_mkt_loo, ///
>     absorb(firm_n prod_n) vce(cluster firm_n)
(dropped 766 singleton observations)
(MWFE estimator converged in 14 iterations)

HDFE Linear regression                            Number of obs   =     45,956
Absorbing 2 HDFE groups                           F(   4,   1377) =      17.02
Statistics robust to heteroskedasticity           Prob > F        =     0.0000
                                                  R-squared       =     0.6315
                                                  Adj R-squared   =     0.6035
                                                  Within R-sq.    =     0.0049
Number of clusters (firm_n)  =      1,378         Root MSE        =     1.6451

                             (Std. err. adjusted for 1,378 clusters in firm_n)
------------------------------------------------------------------------------
             |               Robust
    ln_p_net | Coefficient  std. err.      t    P>|t|     [95% conf. interval]
-------------+----------------------------------------------------------------
 ln_n_buyers |   .1214674   .0395366     3.07   0.002     .0439088    .1990259
ln_n_sellers |  -.0158904   .0350826    -0.45   0.651    -.0847114    .0529307
  ln_mkt_qty |  -.1036021   .0170374    -6.08   0.000    -.1370242     -.07018
ln_p_mkt_loo |  -.0028922   .0166729    -0.17   0.862    -.0355992    .0298148
       _cons |   5.071616   .2965827    17.10   0.000     4.489814    5.653419
------------------------------------------------------------------------------

Absorbed degrees of freedom:
-----------------------------------------------------+
 Absorbed FE | Categories  - Redundant  = Num. Coefs |
-------------+---------------------------------------|
      firm_n |      1378        1378           0    *|
      prod_n |      1867           1        1866     |
-----------------------------------------------------+
* = FE nested within cluster; treated as redundant for DoF computation

. estadd local firm_fe "Yes", replace

added macro:
            e(firm_fe) : "Yes"

. estadd local prod_fe "Yes", replace

added macro:
            e(prod_fe) : "Yes"

. estadd local city_fe "No",  replace

added macro:
            e(city_fe) : "No"

. est store t3_m3

. 
. * (4) + Firm + Product + City FE（首选规格）
. reghdfe ln_p_net ln_n_buyers ln_n_sellers ln_mkt_qty ln_p_mkt_loo, ///
>     absorb(firm_n prod_n city_n) vce(cluster firm_n)
(dropped 766 singleton observations)
(MWFE estimator converged in 13 iterations)

HDFE Linear regression                            Number of obs   =     45,956
Absorbing 3 HDFE groups                           F(   4,   1377) =      16.93
Statistics robust to heteroskedasticity           Prob > F        =     0.0000
                                                  R-squared       =     0.6315
                                                  Adj R-squared   =     0.6013
                                                  Within R-sq.    =     0.0049
Number of clusters (firm_n)  =      1,378         Root MSE        =     1.6497

                             (Std. err. adjusted for 1,378 clusters in firm_n)
------------------------------------------------------------------------------
             |               Robust
    ln_p_net | Coefficient  std. err.      t    P>|t|     [95% conf. interval]
-------------+----------------------------------------------------------------
 ln_n_buyers |   .1214674   .0396433     3.06   0.002     .0436995    .1992353
ln_n_sellers |  -.0158904   .0351772    -0.45   0.652    -.0848972    .0531164
  ln_mkt_qty |  -.1036021   .0170834    -6.06   0.000    -.1371144   -.0700898
ln_p_mkt_loo |  -.0028922   .0167179    -0.17   0.863    -.0356875    .0299031
       _cons |   5.071616   .2973831    17.05   0.000     4.488243    5.654989
------------------------------------------------------------------------------

Absorbed degrees of freedom:
-----------------------------------------------------+
 Absorbed FE | Categories  - Redundant  = Num. Coefs |
-------------+---------------------------------------|
      firm_n |      1378        1378           0    *|
      prod_n |      1867           1        1866     |
      city_n |       238           1         237     |
-----------------------------------------------------+
* = FE nested within cluster; treated as redundant for DoF computation

. estadd local firm_fe "Yes", replace

added macro:
            e(firm_fe) : "Yes"

. estadd local prod_fe "Yes", replace

added macro:
            e(prod_fe) : "Yes"

. estadd local city_fe "Yes", replace

added macro:
            e(city_fe) : "Yes"

. est store t3_m4

. 
. esttab t3_m1 t3_m2 t3_m3 t3_m4 ///
>     using "$REGOUT/T3_market_only.txt", replace ///
>     $esttab_opts ///
>     order(ln_n_buyers ln_n_sellers ln_mkt_qty ln_p_mkt_loo) ///
>     stats(firm_fe prod_fe city_fe N r2_a, ///
>           labels("Firm FE" "Product FE" "City FE" "Observations" "Adj. R-sq")
>  ///
>           fmt(%s %s %s %12.0fc 3)) ///
>     title("DV: ln(purchase price). Market-level variables only.") ///
>     mtitles("OLS" "+Firm FE" "+Firm+Prod" "+Firm+Prod+City")
(file regression\leave_one_out/T3_market_only.txt not found)
(output written to regression\leave_one_out/T3_market_only.txt)

. display "T3 saved."
T3 saved.

. est clear

. clear all

. set output proc

. set max_memory ., permanently
(set max_memory preference recorded)

. global REGOUT      "regression\leave_one_out"

. global esttab_opts "b(3) se(3) star(* 0.10 ** 0.05 *** 0.01) nogaps compress"

. 
. 
. * ===========================================================================
> ===
. * TABLE 4: 企业层面 + 市场层面
. *
. * OLS：企业变量与市场变量均可识别，展示控制市场条件后企业特征的净效应。
. * FE：企业变量被吸收，仅市场变量存活；与 T3 的对比揭示市场变量系数的稳健性。
. * ===========================================================================
> ===
. 
. display ""


. display "===== TABLE 4: Firm-level + Market-level ====="
===== TABLE 4: Firm-level + Market-level =====

. 
. use "reg_panel.dta", clear

. 
. * (1) OLS
. reg ln_p_net ln_firm_output ln_Capital n_products ///
>     ln_n_buyers ln_n_sellers ln_mkt_qty ln_p_mkt_loo, ///
>     vce(cluster firm_n)

Linear regression                               Number of obs     =     29,074
                                                F(7, 1266)        =     226.98
                                                Prob > F          =     0.0000
                                                R-squared         =     0.2891
                                                Root MSE          =     2.1945

                             (Std. err. adjusted for 1,267 clusters in firm_n)
------------------------------------------------------------------------------
             |               Robust
    ln_p_net | Coefficient  std. err.      t    P>|t|     [95% conf. interval]
-------------+----------------------------------------------------------------
ln_firm_ou~t |   .1407705   .0323775     4.35   0.000      .077251      .20429
  ln_Capital |  -.0863167   .0271993    -3.17   0.002    -.1396773   -.0329561
  n_products |  -.0008895    .000303    -2.94   0.003     -.001484    -.000295
 ln_n_buyers |   .1668412   .0715376     2.33   0.020     .0264959    .3071866
ln_n_sellers |   .0754599   .0813275     0.93   0.354    -.0840917    .2350114
  ln_mkt_qty |  -.0243519   .0204269    -1.19   0.233    -.0644263    .0157225
ln_p_mkt_loo |   .6765426   .0219127    30.87   0.000     .6335535    .7195317
       _cons |   .0369888   .4715749     0.08   0.937    -.8881656    .9621432
------------------------------------------------------------------------------

. estadd local firm_fe "No",  replace

added macro:
            e(firm_fe) : "No"

. estadd local prod_fe "No",  replace

added macro:
            e(prod_fe) : "No"

. estadd local city_fe "No",  replace

added macro:
            e(city_fe) : "No"

. est store t4_m1

. 
. * (2) + Firm FE
. reghdfe ln_p_net ln_firm_output ln_Capital n_products ///
>     ln_n_buyers ln_n_sellers ln_mkt_qty ln_p_mkt_loo, ///
>     absorb(firm_n) vce(cluster firm_n)
(dropped 333 singleton observations)
(MWFE estimator converged in 1 iterations)
note: ln_firm_output is probably collinear with the fixed effects (all partiall
> ed-out values are close to zero; tol = 1.0e-09)
note: ln_Capital is probably collinear with the fixed effects (all partialled-o
> ut values are close to zero; tol = 1.0e-09)
note: n_products is probably collinear with the fixed effects (all partialled-o
> ut values are close to zero; tol = 1.0e-09)

HDFE Linear regression                            Number of obs   =     28,741
Absorbing 1 HDFE group                            F(   4,    933) =     481.14
Statistics robust to heteroskedasticity           Prob > F        =     0.0000
                                                  R-squared       =     0.4544
                                                  Adj R-squared   =     0.4360
                                                  Within R-sq.    =     0.2336
Number of clusters (firm_n)  =        934         Root MSE        =     1.9430

                               (Std. err. adjusted for 934 clusters in firm_n)
------------------------------------------------------------------------------
             |               Robust
    ln_p_net | Coefficient  std. err.      t    P>|t|     [95% conf. interval]
-------------+----------------------------------------------------------------
ln_firm_ou~t |          0  (omitted)
  ln_Capital |          0  (omitted)
  n_products |          0  (omitted)
 ln_n_buyers |   .1341946   .0366459     3.66   0.000     .0622767    .2061125
ln_n_sellers |   .0179621   .0475429     0.38   0.706    -.0753413    .1112656
  ln_mkt_qty |  -.0386056   .0196452    -1.97   0.050    -.0771595   -.0000518
ln_p_mkt_loo |   .5643475    .016603    33.99   0.000      .531764    .5969311
       _cons |   1.889291    .271893     6.95   0.000     1.355698    2.422884
------------------------------------------------------------------------------

Absorbed degrees of freedom:
-----------------------------------------------------+
 Absorbed FE | Categories  - Redundant  = Num. Coefs |
-------------+---------------------------------------|
      firm_n |       934         934           0    *|
-----------------------------------------------------+
* = FE nested within cluster; treated as redundant for DoF computation

. estadd local firm_fe "Yes", replace

added macro:
            e(firm_fe) : "Yes"

. estadd local prod_fe "No",  replace

added macro:
            e(prod_fe) : "No"

. estadd local city_fe "No",  replace

added macro:
            e(city_fe) : "No"

. est store t4_m2

. 
. * (3) + Firm + Product FE
. reghdfe ln_p_net ln_firm_output ln_Capital n_products ///
>     ln_n_buyers ln_n_sellers ln_mkt_qty ln_p_mkt_loo, ///
>     absorb(firm_n prod_n) vce(cluster firm_n)
(dropped 684 singleton observations)
(MWFE estimator converged in 14 iterations)
note: ln_firm_output is probably collinear with the fixed effects (all partiall
> ed-out values are close to zero; tol = 1.0e-09)
note: ln_Capital is probably collinear with the fixed effects (all partialled-o
> ut values are close to zero; tol = 1.0e-09)
note: n_products is probably collinear with the fixed effects (all partialled-o
> ut values are close to zero; tol = 1.0e-09)

HDFE Linear regression                            Number of obs   =     28,390
Absorbing 2 HDFE groups                           F(   4,    925) =       9.19
Statistics robust to heteroskedasticity           Prob > F        =     0.0000
                                                  R-squared       =     0.6293
                                                  Adj R-squared   =     0.5919
                                                  Within R-sq.    =     0.0047
Number of clusters (firm_n)  =        926         Root MSE        =     1.6416

                               (Std. err. adjusted for 926 clusters in firm_n)
------------------------------------------------------------------------------
             |               Robust
    ln_p_net | Coefficient  std. err.      t    P>|t|     [95% conf. interval]
-------------+----------------------------------------------------------------
ln_firm_ou~t |          0  (omitted)
  ln_Capital |          0  (omitted)
  n_products |          0  (omitted)
 ln_n_buyers |   .0765579   .0536528     1.43   0.154    -.0287373    .1818532
ln_n_sellers |   .0058008   .0399945     0.15   0.885    -.0726898    .0842913
  ln_mkt_qty |  -.0962873   .0227286    -4.24   0.000    -.1408929   -.0516817
ln_p_mkt_loo |   .0085692   .0215874     0.40   0.691    -.0337968    .0509352
       _cons |   4.923982   .3751422    13.13   0.000     4.187753    5.660211
------------------------------------------------------------------------------

Absorbed degrees of freedom:
-----------------------------------------------------+
 Absorbed FE | Categories  - Redundant  = Num. Coefs |
-------------+---------------------------------------|
      firm_n |       926         926           0    *|
      prod_n |      1677           1        1676     |
-----------------------------------------------------+
* = FE nested within cluster; treated as redundant for DoF computation

. estadd local firm_fe "Yes", replace

added macro:
            e(firm_fe) : "Yes"

. estadd local prod_fe "Yes", replace

added macro:
            e(prod_fe) : "Yes"

. estadd local city_fe "No",  replace

added macro:
            e(city_fe) : "No"

. est store t4_m3

. 
. * (4) + Firm + Product + City FE（首选规格）
. reghdfe ln_p_net ln_firm_output ln_Capital n_products ///
>     ln_n_buyers ln_n_sellers ln_mkt_qty ln_p_mkt_loo, ///
>     absorb(firm_n prod_n city_n) vce(cluster firm_n)
(dropped 684 singleton observations)
(MWFE estimator converged in 13 iterations)
note: ln_firm_output is probably collinear with the fixed effects (all partiall
> ed-out values are close to zero; tol = 1.0e-09)
note: ln_Capital is probably collinear with the fixed effects (all partialled-o
> ut values are close to zero; tol = 1.0e-09)
note: n_products is probably collinear with the fixed effects (all partialled-o
> ut values are close to zero; tol = 1.0e-09)

HDFE Linear regression                            Number of obs   =     28,390
Absorbing 3 HDFE groups                           F(   4,    925) =       9.12
Statistics robust to heteroskedasticity           Prob > F        =     0.0000
                                                  R-squared       =     0.6293
                                                  Adj R-squared   =     0.5889
                                                  Within R-sq.    =     0.0047
Number of clusters (firm_n)  =        926         Root MSE        =     1.6475

                               (Std. err. adjusted for 926 clusters in firm_n)
------------------------------------------------------------------------------
             |               Robust
    ln_p_net | Coefficient  std. err.      t    P>|t|     [95% conf. interval]
-------------+----------------------------------------------------------------
ln_firm_ou~t |          0  (omitted)
  ln_Capital |          0  (omitted)
  n_products |          0  (omitted)
 ln_n_buyers |   .0765579   .0538406     1.42   0.155    -.0291059    .1822218
ln_n_sellers |   .0058008   .0401345     0.14   0.885    -.0729645     .084566
  ln_mkt_qty |  -.0962873   .0228082    -4.22   0.000     -.141049   -.0515255
ln_p_mkt_loo |   .0085692    .021663     0.40   0.693    -.0339451    .0510835
       _cons |   4.923982   .3764553    13.08   0.000     4.185176    5.662788
------------------------------------------------------------------------------

Absorbed degrees of freedom:
-----------------------------------------------------+
 Absorbed FE | Categories  - Redundant  = Num. Coefs |
-------------+---------------------------------------|
      firm_n |       926         926           0    *|
      prod_n |      1677           1        1676     |
      city_n |       187           1         186     |
-----------------------------------------------------+
* = FE nested within cluster; treated as redundant for DoF computation

. estadd local firm_fe "Yes", replace

added macro:
            e(firm_fe) : "Yes"

. estadd local prod_fe "Yes", replace

added macro:
            e(prod_fe) : "Yes"

. estadd local city_fe "Yes", replace

added macro:
            e(city_fe) : "Yes"

. est store t4_m4

. 
. esttab t4_m1 t4_m2 t4_m3 t4_m4 ///
>     using "$REGOUT/T4_firm_market.txt", replace ///
>     $esttab_opts ///
>     order(ln_firm_output ln_Capital n_products ///
>           ln_n_buyers ln_n_sellers ln_mkt_qty ln_p_mkt_loo) ///
>     stats(firm_fe prod_fe city_fe N r2_a, ///
>           labels("Firm FE" "Product FE" "City FE" "Observations" "Adj. R-sq")
>  ///
>           fmt(%s %s %s %12.0fc 3)) ///
>     title("DV: ln(purchase price). Firm-level + market-level variables.") ///
>     mtitles("OLS" "+Firm FE" "+Firm+Prod" "+Firm+Prod+City")
(file regression\leave_one_out/T4_firm_market.txt not found)
(output written to regression\leave_one_out/T4_firm_market.txt)

. display "T4 saved."
T4 saved.

. est clear

. clear all

. set output proc

. set max_memory ., permanently
(set max_memory preference recorded)

. global REGOUT      "regression\leave_one_out"

. global esttab_opts "b(3) se(3) star(* 0.10 ** 0.05 *** 0.01) nogaps compress"

. 
. 
. * ===========================================================================
> ===
. * TABLE 5: 全规格（企业层面 + 产品相似性 + 市场层面）
. *
. * 三类变量同时纳入的完整规格。
. * OLS：所有变量可识别；FE：企业变量被吸收，相似度与市场变量存活。
. * ===========================================================================
> ===
. 
. display ""


. display "===== TABLE 5: Full specification ====="
===== TABLE 5: Full specification =====

. 
. use "reg_panel.dta", clear

. 
. * (1) OLS
. reg ln_p_net ln_firm_output ln_Capital n_products ///
>     input_similarity output_similarity ///
>     ln_n_buyers ln_n_sellers ln_mkt_qty ln_p_mkt_loo, ///
>     vce(cluster firm_n)

Linear regression                               Number of obs     =     29,064
                                                F(9, 1266)        =     192.79
                                                Prob > F          =     0.0000
                                                R-squared         =     0.2935
                                                Root MSE          =      2.188

                             (Std. err. adjusted for 1,267 clusters in firm_n)
------------------------------------------------------------------------------
             |               Robust
    ln_p_net | Coefficient  std. err.      t    P>|t|     [95% conf. interval]
-------------+----------------------------------------------------------------
ln_firm_ou~t |    .136171   .0315645     4.31   0.000     .0742465    .1980956
  ln_Capital |  -.0720211   .0264521    -2.72   0.007    -.1239158   -.0201264
  n_products |  -.0007541   .0002867    -2.63   0.009    -.0013166   -.0001916
input_simi~y |   .7573632    .195091     3.88   0.000      .374626      1.1401
output_sim~y |   .0497411   .2408609     0.21   0.836    -.4227893    .5222715
 ln_n_buyers |   .1884157   .0677005     2.78   0.005     .0555983    .3212331
ln_n_sellers |   .0616848    .077695     0.79   0.427    -.0907404      .21411
  ln_mkt_qty |  -.0367874   .0207553    -1.77   0.077     -.077506    .0039312
ln_p_mkt_loo |   .6603841   .0216917    30.44   0.000     .6178284    .7029397
       _cons |  -.1815175   .4661039    -0.39   0.697    -1.095939    .7329036
------------------------------------------------------------------------------

. estadd local firm_fe "No",  replace

added macro:
            e(firm_fe) : "No"

. estadd local prod_fe "No",  replace

added macro:
            e(prod_fe) : "No"

. estadd local city_fe "No",  replace

added macro:
            e(city_fe) : "No"

. est store t5_m1

. 
. * (2) + Firm FE
. reghdfe ln_p_net ln_firm_output ln_Capital n_products ///
>     input_similarity output_similarity ///
>     ln_n_buyers ln_n_sellers ln_mkt_qty ln_p_mkt_loo, ///
>     absorb(firm_n) vce(cluster firm_n)
(dropped 333 singleton observations)
(MWFE estimator converged in 1 iterations)
note: ln_firm_output is probably collinear with the fixed effects (all partiall
> ed-out values are close to zero; tol = 1.0e-09)
note: ln_Capital is probably collinear with the fixed effects (all partialled-o
> ut values are close to zero; tol = 1.0e-09)
note: n_products is probably collinear with the fixed effects (all partialled-o
> ut values are close to zero; tol = 1.0e-09)

HDFE Linear regression                            Number of obs   =     28,731
Absorbing 1 HDFE group                            F(   6,    933) =     321.03
Statistics robust to heteroskedasticity           Prob > F        =     0.0000
                                                  R-squared       =     0.4547
                                                  Adj R-squared   =     0.4363
                                                  Within R-sq.    =     0.2341
Number of clusters (firm_n)  =        934         Root MSE        =     1.9427

                               (Std. err. adjusted for 934 clusters in firm_n)
------------------------------------------------------------------------------
             |               Robust
    ln_p_net | Coefficient  std. err.      t    P>|t|     [95% conf. interval]
-------------+----------------------------------------------------------------
ln_firm_ou~t |          0  (omitted)
  ln_Capital |          0  (omitted)
  n_products |          0  (omitted)
input_simi~y |    .215222    .134021     1.61   0.109    -.0477956    .4782396
output_sim~y |   .1163631   .1564905     0.74   0.457     -.190751    .4234771
 ln_n_buyers |   .1345171   .0370997     3.63   0.000     .0617086    .2073257
ln_n_sellers |   .0218515   .0476333     0.46   0.647    -.0716293    .1153322
  ln_mkt_qty |  -.0420492   .0194378    -2.16   0.031     -.080196   -.0039024
ln_p_mkt_loo |    .560979   .0164274    34.15   0.000     .5287401     .593218
       _cons |   1.874908   .2669392     7.02   0.000     1.351037    2.398779
------------------------------------------------------------------------------

Absorbed degrees of freedom:
-----------------------------------------------------+
 Absorbed FE | Categories  - Redundant  = Num. Coefs |
-------------+---------------------------------------|
      firm_n |       934         934           0    *|
-----------------------------------------------------+
* = FE nested within cluster; treated as redundant for DoF computation

. estadd local firm_fe "Yes", replace

added macro:
            e(firm_fe) : "Yes"

. estadd local prod_fe "No",  replace

added macro:
            e(prod_fe) : "No"

. estadd local city_fe "No",  replace

added macro:
            e(city_fe) : "No"

. est store t5_m2

. 
. * (3) + Firm + Product FE
. reghdfe ln_p_net ln_firm_output ln_Capital n_products ///
>     input_similarity output_similarity ///
>     ln_n_buyers ln_n_sellers ln_mkt_qty ln_p_mkt_loo, ///
>     absorb(firm_n prod_n) vce(cluster firm_n)
(dropped 684 singleton observations)
(MWFE estimator converged in 14 iterations)
note: ln_firm_output is probably collinear with the fixed effects (all partiall
> ed-out values are close to zero; tol = 1.0e-09)
note: ln_Capital is probably collinear with the fixed effects (all partialled-o
> ut values are close to zero; tol = 1.0e-09)
note: n_products is probably collinear with the fixed effects (all partialled-o
> ut values are close to zero; tol = 1.0e-09)

HDFE Linear regression                            Number of obs   =     28,380
Absorbing 2 HDFE groups                           F(   6,    925) =       6.13
Statistics robust to heteroskedasticity           Prob > F        =     0.0000
                                                  R-squared       =     0.6293
                                                  Adj R-squared   =     0.5918
                                                  Within R-sq.    =     0.0047
Number of clusters (firm_n)  =        926         Root MSE        =     1.6419

                               (Std. err. adjusted for 926 clusters in firm_n)
------------------------------------------------------------------------------
             |               Robust
    ln_p_net | Coefficient  std. err.      t    P>|t|     [95% conf. interval]
-------------+----------------------------------------------------------------
ln_firm_ou~t |          0  (omitted)
  ln_Capital |          0  (omitted)
  n_products |          0  (omitted)
input_simi~y |   .0903195   .1142797     0.79   0.430    -.1339581    .3145972
output_sim~y |  -.0838222   .1351913    -0.62   0.535    -.3491395    .1814951
 ln_n_buyers |   .0764179   .0535821     1.43   0.154    -.0287387    .1815745
ln_n_sellers |   .0060054   .0400499     0.15   0.881    -.0725939    .0846047
  ln_mkt_qty |  -.0966563   .0229352    -4.21   0.000    -.1416675   -.0516452
ln_p_mkt_loo |   .0083785   .0216598     0.39   0.699    -.0341295    .0508865
       _cons |   4.923841   .3742697    13.16   0.000     4.189325    5.658357
------------------------------------------------------------------------------

Absorbed degrees of freedom:
-----------------------------------------------------+
 Absorbed FE | Categories  - Redundant  = Num. Coefs |
-------------+---------------------------------------|
      firm_n |       926         926           0    *|
      prod_n |      1677           1        1676     |
-----------------------------------------------------+
* = FE nested within cluster; treated as redundant for DoF computation

. estadd local firm_fe "Yes", replace

added macro:
            e(firm_fe) : "Yes"

. estadd local prod_fe "Yes", replace

added macro:
            e(prod_fe) : "Yes"

. estadd local city_fe "No",  replace

added macro:
            e(city_fe) : "No"

. est store t5_m3

. 
. * (4) + Firm + Product + City FE（首选规格）
. reghdfe ln_p_net ln_firm_output ln_Capital n_products ///
>     input_similarity output_similarity ///
>     ln_n_buyers ln_n_sellers ln_mkt_qty ln_p_mkt_loo, ///
>     absorb(firm_n prod_n city_n) vce(cluster firm_n)
(dropped 684 singleton observations)
(MWFE estimator converged in 13 iterations)
note: ln_firm_output is probably collinear with the fixed effects (all partiall
> ed-out values are close to zero; tol = 1.0e-09)
note: ln_Capital is probably collinear with the fixed effects (all partialled-o
> ut values are close to zero; tol = 1.0e-09)
note: n_products is probably collinear with the fixed effects (all partialled-o
> ut values are close to zero; tol = 1.0e-09)

HDFE Linear regression                            Number of obs   =     28,380
Absorbing 3 HDFE groups                           F(   6,    925) =       6.08
Statistics robust to heteroskedasticity           Prob > F        =     0.0000
                                                  R-squared       =     0.6293
                                                  Adj R-squared   =     0.5889
                                                  Within R-sq.    =     0.0047
Number of clusters (firm_n)  =        926         Root MSE        =     1.6478

                               (Std. err. adjusted for 926 clusters in firm_n)
------------------------------------------------------------------------------
             |               Robust
    ln_p_net | Coefficient  std. err.      t    P>|t|     [95% conf. interval]
-------------+----------------------------------------------------------------
ln_firm_ou~t |          0  (omitted)
  ln_Capital |          0  (omitted)
  n_products |          0  (omitted)
input_simi~y |   .0903195   .1146799     0.79   0.431    -.1347435    .3153826
output_sim~y |  -.0838222   .1356648    -0.62   0.537    -.3500686    .1824242
 ln_n_buyers |   .0764179   .0537697     1.42   0.156    -.0291069    .1819428
ln_n_sellers |   .0060054   .0401902     0.15   0.881    -.0728691      .08488
  ln_mkt_qty |  -.0966563   .0230155    -4.20   0.000    -.1418251   -.0514876
ln_p_mkt_loo |   .0083785   .0217356     0.39   0.700    -.0342783    .0510354
       _cons |   4.923841   .3755804    13.11   0.000     4.186753     5.66093
------------------------------------------------------------------------------

Absorbed degrees of freedom:
-----------------------------------------------------+
 Absorbed FE | Categories  - Redundant  = Num. Coefs |
-------------+---------------------------------------|
      firm_n |       926         926           0    *|
      prod_n |      1677           1        1676     |
      city_n |       187           1         186     |
-----------------------------------------------------+
* = FE nested within cluster; treated as redundant for DoF computation

. estadd local firm_fe "Yes", replace

added macro:
            e(firm_fe) : "Yes"

. estadd local prod_fe "Yes", replace

added macro:
            e(prod_fe) : "Yes"

. estadd local city_fe "Yes", replace

added macro:
            e(city_fe) : "Yes"

. est store t5_m4

. 
. esttab t5_m1 t5_m2 t5_m3 t5_m4 ///
>     using "$REGOUT/T5_full_spec.txt", replace ///
>     $esttab_opts ///
>     order(ln_firm_output ln_Capital n_products ///
>           input_similarity output_similarity ///
>           ln_n_buyers ln_n_sellers ln_mkt_qty ln_p_mkt_loo) ///
>     stats(firm_fe prod_fe city_fe N r2_a, ///
>           labels("Firm FE" "Product FE" "City FE" "Observations" "Adj. R-sq")
>  ///
>           fmt(%s %s %s %12.0fc 3)) ///
>     title("DV: ln(purchase price). Full specification (firm + similarity + ma
> rket).") ///
>     mtitles("OLS" "+Firm FE" "+Firm+Prod" "+Firm+Prod+City")
(file regression\leave_one_out/T5_full_spec.txt not found)
(output written to regression\leave_one_out/T5_full_spec.txt)

. display "T5 saved."
T5 saved.

. est clear

. clear all

. set output proc

. set max_memory ., permanently
(set max_memory preference recorded)

. global REGOUT      "regression\leave_one_out"

. global esttab_opts "b(3) se(3) star(* 0.10 ** 0.05 *** 0.01) nogaps compress"

. 
. 
. * ===========================================================================
> ===
. * TABLE 6: 交互项（企业规模 × 市场条件）
. *
. * 检验：大企业是否能更好地利用市场厚度获取折扣？
. * 交互项在 firm×product 层面变化，FE 规格下可识别。
. * ln_firm_output 主效应被 Firm FE 吸收，但交互项系数可识别。
. * ===========================================================================
> ===
. 
. display ""


. display "===== TABLE 6: Firm-size × Market interactions ====="
===== TABLE 6: Firm-size × Market interactions =====

. 
. use "reg_panel.dta", clear

. 
. gen size_x_nbuy   = ln_firm_output * ln_n_buyers
(18 missing values generated)

. gen size_x_nsell  = ln_firm_output * ln_n_sellers
(76 missing values generated)

. gen size_x_pmkt   = ln_firm_output * ln_p_mkt_loo
(166 missing values generated)

. gen size_x_mktqty = ln_firm_output * ln_mkt_qty
(18 missing values generated)

. 
. * (1) 基准（全 FE，无交互）
. reghdfe ln_p_net ln_firm_output n_products ///
>     ln_n_buyers ln_n_sellers ln_mkt_qty ln_p_mkt_loo, ///
>     absorb(firm_n prod_n city_n) vce(cluster firm_n)
(dropped 766 singleton observations)
(MWFE estimator converged in 13 iterations)
note: ln_firm_output is probably collinear with the fixed effects (all partiall
> ed-out values are close to zero; tol = 1.0e-09)
note: n_products is probably collinear with the fixed effects (all partialled-o
> ut values are close to zero; tol = 1.0e-09)

HDFE Linear regression                            Number of obs   =     45,956
Absorbing 3 HDFE groups                           F(   4,   1377) =      16.93
Statistics robust to heteroskedasticity           Prob > F        =     0.0000
                                                  R-squared       =     0.6315
                                                  Adj R-squared   =     0.6013
                                                  Within R-sq.    =     0.0049
Number of clusters (firm_n)  =      1,378         Root MSE        =     1.6497

                             (Std. err. adjusted for 1,378 clusters in firm_n)
------------------------------------------------------------------------------
             |               Robust
    ln_p_net | Coefficient  std. err.      t    P>|t|     [95% conf. interval]
-------------+----------------------------------------------------------------
ln_firm_ou~t |          0  (omitted)
  n_products |          0  (omitted)
 ln_n_buyers |   .1214674   .0396433     3.06   0.002     .0436995    .1992353
ln_n_sellers |  -.0158904   .0351772    -0.45   0.652    -.0848972    .0531164
  ln_mkt_qty |  -.1036021   .0170834    -6.06   0.000    -.1371144   -.0700898
ln_p_mkt_loo |  -.0028922   .0167179    -0.17   0.863    -.0356875    .0299031
       _cons |   5.071616   .2973831    17.05   0.000     4.488243    5.654989
------------------------------------------------------------------------------

Absorbed degrees of freedom:
-----------------------------------------------------+
 Absorbed FE | Categories  - Redundant  = Num. Coefs |
-------------+---------------------------------------|
      firm_n |      1378        1378           0    *|
      prod_n |      1867           1        1866     |
      city_n |       238           1         237     |
-----------------------------------------------------+
* = FE nested within cluster; treated as redundant for DoF computation

. estadd local firm_fe "Yes", replace

added macro:
            e(firm_fe) : "Yes"

. estadd local prod_fe "Yes", replace

added macro:
            e(prod_fe) : "Yes"

. estadd local city_fe "Yes", replace

added macro:
            e(city_fe) : "Yes"

. est store t6_m1

. 
. * (2) + 规模 × 买方数
. reghdfe ln_p_net ln_firm_output n_products ///
>     ln_n_buyers ln_n_sellers ln_mkt_qty ln_p_mkt_loo ///
>     size_x_nbuy, ///
>     absorb(firm_n prod_n city_n) vce(cluster firm_n)
(dropped 766 singleton observations)
(MWFE estimator converged in 13 iterations)
note: ln_firm_output is probably collinear with the fixed effects (all partiall
> ed-out values are close to zero; tol = 1.0e-09)
note: n_products is probably collinear with the fixed effects (all partialled-o
> ut values are close to zero; tol = 1.0e-09)

HDFE Linear regression                            Number of obs   =     45,956
Absorbing 3 HDFE groups                           F(   5,   1377) =      14.32
Statistics robust to heteroskedasticity           Prob > F        =     0.0000
                                                  R-squared       =     0.6320
                                                  Adj R-squared   =     0.6018
                                                  Within R-sq.    =     0.0064
Number of clusters (firm_n)  =      1,378         Root MSE        =     1.6485

                             (Std. err. adjusted for 1,378 clusters in firm_n)
------------------------------------------------------------------------------
             |               Robust
    ln_p_net | Coefficient  std. err.      t    P>|t|     [95% conf. interval]
-------------+----------------------------------------------------------------
ln_firm_ou~t |          0  (omitted)
  n_products |          0  (omitted)
 ln_n_buyers |   .5265182   .1006526     5.23   0.000     .3290691    .7239673
ln_n_sellers |  -.0235375   .0355257    -0.66   0.508    -.0932277    .0461528
  ln_mkt_qty |  -.1044416   .0171357    -6.09   0.000    -.1380565   -.0708266
ln_p_mkt_loo |  -.0037061   .0168456    -0.22   0.826    -.0367518    .0293397
 size_x_nbuy |  -.0199019      .0048    -4.15   0.000     -.029318   -.0104857
       _cons |   5.022184   .2880812    17.43   0.000     4.457058    5.587309
------------------------------------------------------------------------------

Absorbed degrees of freedom:
-----------------------------------------------------+
 Absorbed FE | Categories  - Redundant  = Num. Coefs |
-------------+---------------------------------------|
      firm_n |      1378        1378           0    *|
      prod_n |      1867           1        1866     |
      city_n |       238           1         237     |
-----------------------------------------------------+
* = FE nested within cluster; treated as redundant for DoF computation

. estadd local firm_fe "Yes", replace

added macro:
            e(firm_fe) : "Yes"

. estadd local prod_fe "Yes", replace

added macro:
            e(prod_fe) : "Yes"

. estadd local city_fe "Yes", replace

added macro:
            e(city_fe) : "Yes"

. est store t6_m2

. 
. * (3) + 规模 × 卖方数
. reghdfe ln_p_net ln_firm_output n_products ///
>     ln_n_buyers ln_n_sellers ln_mkt_qty ln_p_mkt_loo ///
>     size_x_nsell, ///
>     absorb(firm_n prod_n city_n) vce(cluster firm_n)
(dropped 766 singleton observations)
(MWFE estimator converged in 13 iterations)
note: ln_firm_output is probably collinear with the fixed effects (all partiall
> ed-out values are close to zero; tol = 1.0e-09)
note: n_products is probably collinear with the fixed effects (all partialled-o
> ut values are close to zero; tol = 1.0e-09)

HDFE Linear regression                            Number of obs   =     45,956
Absorbing 3 HDFE groups                           F(   5,   1377) =      14.28
Statistics robust to heteroskedasticity           Prob > F        =     0.0000
                                                  R-squared       =     0.6321
                                                  Adj R-squared   =     0.6020
                                                  Within R-sq.    =     0.0067
Number of clusters (firm_n)  =      1,378         Root MSE        =     1.6483

                             (Std. err. adjusted for 1,378 clusters in firm_n)
------------------------------------------------------------------------------
             |               Robust
    ln_p_net | Coefficient  std. err.      t    P>|t|     [95% conf. interval]
-------------+----------------------------------------------------------------
ln_firm_ou~t |          0  (omitted)
  n_products |          0  (omitted)
 ln_n_buyers |   .1256585   .0393393     3.19   0.001     .0484871    .2028299
ln_n_sellers |   .4596866   .1167564     3.94   0.000      .230647    .6887263
  ln_mkt_qty |  -.1056909   .0171304    -6.17   0.000    -.1392955   -.0720863
ln_p_mkt_loo |  -.0048081    .016827    -0.29   0.775    -.0378173    .0282011
size_x_nsell |  -.0240568    .005777    -4.16   0.000    -.0353894   -.0127242
       _cons |   5.051694   .2875159    17.57   0.000     4.487677    5.615711
------------------------------------------------------------------------------

Absorbed degrees of freedom:
-----------------------------------------------------+
 Absorbed FE | Categories  - Redundant  = Num. Coefs |
-------------+---------------------------------------|
      firm_n |      1378        1378           0    *|
      prod_n |      1867           1        1866     |
      city_n |       238           1         237     |
-----------------------------------------------------+
* = FE nested within cluster; treated as redundant for DoF computation

. estadd local firm_fe "Yes", replace

added macro:
            e(firm_fe) : "Yes"

. estadd local prod_fe "Yes", replace

added macro:
            e(prod_fe) : "Yes"

. estadd local city_fe "Yes", replace

added macro:
            e(city_fe) : "Yes"

. est store t6_m3

. 
. * (4) + 规模 × 市场均价
. reghdfe ln_p_net ln_firm_output n_products ///
>     ln_n_buyers ln_n_sellers ln_mkt_qty ln_p_mkt_loo ///
>     size_x_pmkt, ///
>     absorb(firm_n prod_n city_n) vce(cluster firm_n)
(dropped 766 singleton observations)
(MWFE estimator converged in 13 iterations)
note: ln_firm_output is probably collinear with the fixed effects (all partiall
> ed-out values are close to zero; tol = 1.0e-09)
note: n_products is probably collinear with the fixed effects (all partialled-o
> ut values are close to zero; tol = 1.0e-09)

HDFE Linear regression                            Number of obs   =     45,956
Absorbing 3 HDFE groups                           F(   5,   1377) =      14.34
Statistics robust to heteroskedasticity           Prob > F        =     0.0000
                                                  R-squared       =     0.6320
                                                  Adj R-squared   =     0.6018
                                                  Within R-sq.    =     0.0064
Number of clusters (firm_n)  =      1,378         Root MSE        =     1.6486

                             (Std. err. adjusted for 1,378 clusters in firm_n)
------------------------------------------------------------------------------
             |               Robust
    ln_p_net | Coefficient  std. err.      t    P>|t|     [95% conf. interval]
-------------+----------------------------------------------------------------
ln_firm_ou~t |          0  (omitted)
  n_products |          0  (omitted)
 ln_n_buyers |   .1270273   .0393882     3.23   0.001       .04976    .2042946
ln_n_sellers |  -.0176494   .0349167    -0.51   0.613    -.0861451    .0508463
  ln_mkt_qty |  -.1067891   .0170899    -6.25   0.000    -.1403142   -.0732639
ln_p_mkt_loo |  -.2349187   .0775621    -3.03   0.003    -.3870713   -.0827661
 size_x_pmkt |   .0115494   .0038185     3.02   0.003     .0040586    .0190401
       _cons |   5.108171   .2997293    17.04   0.000     4.520195    5.696146
------------------------------------------------------------------------------

Absorbed degrees of freedom:
-----------------------------------------------------+
 Absorbed FE | Categories  - Redundant  = Num. Coefs |
-------------+---------------------------------------|
      firm_n |      1378        1378           0    *|
      prod_n |      1867           1        1866     |
      city_n |       238           1         237     |
-----------------------------------------------------+
* = FE nested within cluster; treated as redundant for DoF computation

. estadd local firm_fe "Yes", replace

added macro:
            e(firm_fe) : "Yes"

. estadd local prod_fe "Yes", replace

added macro:
            e(prod_fe) : "Yes"

. estadd local city_fe "Yes", replace

added macro:
            e(city_fe) : "Yes"

. est store t6_m4

. 
. * (5) 全部交互
. reghdfe ln_p_net ln_firm_output n_products ///
>     ln_n_buyers ln_n_sellers ln_mkt_qty ln_p_mkt_loo ///
>     size_x_nbuy size_x_nsell size_x_pmkt size_x_mktqty, ///
>     absorb(firm_n prod_n city_n) vce(cluster firm_n)
(dropped 766 singleton observations)
(MWFE estimator converged in 13 iterations)
note: ln_firm_output is probably collinear with the fixed effects (all partiall
> ed-out values are close to zero; tol = 1.0e-09)
note: n_products is probably collinear with the fixed effects (all partialled-o
> ut values are close to zero; tol = 1.0e-09)

HDFE Linear regression                            Number of obs   =     45,956
Absorbing 3 HDFE groups                           F(   8,   1377) =       9.62
Statistics robust to heteroskedasticity           Prob > F        =     0.0000
                                                  R-squared       =     0.6328
                                                  Adj R-squared   =     0.6026
                                                  Within R-sq.    =     0.0085
Number of clusters (firm_n)  =      1,378         Root MSE        =     1.6469

                             (Std. err. adjusted for 1,378 clusters in firm_n)
------------------------------------------------------------------------------
             |               Robust
    ln_p_net | Coefficient  std. err.      t    P>|t|     [95% conf. interval]
-------------+----------------------------------------------------------------
ln_firm_ou~t |          0  (omitted)
  n_products |          0  (omitted)
 ln_n_buyers |  -.0121238   .1463012    -0.08   0.934    -.2991212    .2748735
ln_n_sellers |   .1592542   .1530283     1.04   0.298    -.1409395     .459448
  ln_mkt_qty |    .161225   .0753444     2.14   0.033     .0134228    .3090271
ln_p_mkt_loo |    .014043   .0677097     0.21   0.836    -.1187823    .1468683
 size_x_nbuy |   .0069956   .0067641     1.03   0.301    -.0062735    .0202646
size_x_nsell |  -.0089558   .0075339    -1.19   0.235     -.023735    .0058234
 size_x_pmkt |  -.0009842   .0033375    -0.29   0.768    -.0075314     .005563
size_x_mkt~y |  -.0135301   .0039309    -3.44   0.001    -.0212412   -.0058189
       _cons |   5.060615   .2842226    17.81   0.000     4.503059    5.618171
------------------------------------------------------------------------------

Absorbed degrees of freedom:
-----------------------------------------------------+
 Absorbed FE | Categories  - Redundant  = Num. Coefs |
-------------+---------------------------------------|
      firm_n |      1378        1378           0    *|
      prod_n |      1867           1        1866     |
      city_n |       238           1         237     |
-----------------------------------------------------+
* = FE nested within cluster; treated as redundant for DoF computation

. estadd local firm_fe "Yes", replace

added macro:
            e(firm_fe) : "Yes"

. estadd local prod_fe "Yes", replace

added macro:
            e(prod_fe) : "Yes"

. estadd local city_fe "Yes", replace

added macro:
            e(city_fe) : "Yes"

. est store t6_m5

. 
. esttab t6_m1 t6_m2 t6_m3 t6_m4 t6_m5 ///
>     using "$REGOUT/T6_interactions.txt", replace ///
>     $esttab_opts ///
>     order(ln_firm_output n_products ///
>           ln_n_buyers ln_n_sellers ln_mkt_qty ln_p_mkt_loo ///
>           size_x_nbuy size_x_nsell size_x_pmkt size_x_mktqty) ///
>     stats(firm_fe prod_fe city_fe N r2_a, ///
>           labels("Firm FE" "Product FE" "City FE" "Observations" "Adj. R-sq")
>  ///
>           fmt(%s %s %s %12.0fc 3)) ///
>     title("DV: ln(purchase price). Firm-size x market condition interactions.
> ") ///
>     mtitles("Baseline" "+Size*Nbuy" "+Size*Nsell" "+Size*Pmkt" "All")
(file regression\leave_one_out/T6_interactions.txt not found)
(output written to regression\leave_one_out/T6_interactions.txt)

. display "T6 saved."
T6 saved.

. est clear

. 
. display ""


. display "====================================================="
=====================================================

. display "All six tables saved to: $REGOUT"
All six tables saved to: regression\leave_one_out

. display "  T1_firm_only.txt         (仅企业层面)"
  T1_firm_only.txt         (仅企业层面)

. display "  T2_firm_similarity.txt   (企业层面 + 产品相似性)"
  T2_firm_similarity.txt   (企业层面 + 产品相似性)

. display "  T3_market_only.txt       (仅市场层面)"
  T3_market_only.txt       (仅市场层面)

. display "  T4_firm_market.txt       (企业层面 + 市场层面)"
  T4_firm_market.txt       (企业层面 + 市场层面)

. display "  T5_full_spec.txt         (全规格)"
  T5_full_spec.txt         (全规格)

. display "  T6_interactions.txt      (企业规模 × 市场条件交互)"
  T6_interactions.txt      (企业规模 × 市场条件交互)

. display "  样本：均已去掉中介企业（is_intermediary == 1）"
  样本：均已去掉中介企业（is_intermediary == 1）

. display "====================================================="
=====================================================

. 
. log close
      name:  <unnamed>
       log:  G:\Kuangyu_Temp\Outsource\productivity\regression\leave_one_out\02
> _price_reg.log
  log type:  text
 closed on:  30 May 2026, 17:28:15
-------------------------------------------------------------------------------
